Determining if the pthread_create exist failed with the following output:
Change Dir: /home/pi/Veleon_Project/catkin_ws/build/CMakeFiles/CMakeTmp

Run Build Command:"/usr/bin/make" "cmTC_6df09/fast"
/usr/bin/make -f CMakeFiles/cmTC_6df09.dir/build.make CMakeFiles/cmTC_6df09.dir/build
make[1]: Entering directory '/home/pi/Veleon_Project/catkin_ws/build/CMakeFiles/CMakeTmp'
Building C object CMakeFiles/cmTC_6df09.dir/CheckSymbolExists.c.o
/usr/bin/cc     -o CMakeFiles/cmTC_6df09.dir/CheckSymbolExists.c.o   -c /home/pi/Veleon_Project/catkin_ws/build/CMakeFiles/CMakeTmp/CheckSymbolExists.c
Linking C executable cmTC_6df09
/usr/bin/cmake -E cmake_link_script CMakeFiles/cmTC_6df09.dir/link.txt --verbose=1
/usr/bin/cc       CMakeFiles/cmTC_6df09.dir/CheckSymbolExists.c.o  -o cmTC_6df09 -rdynamic 
CMakeFiles/cmTC_6df09.dir/CheckSymbolExists.c.o: In function `main':
CheckSymbolExists.c:(.text+0x38): undefined reference to `pthread_create'
collect2: error: ld returned 1 exit status
CMakeFiles/cmTC_6df09.dir/build.make:97: recipe for target 'cmTC_6df09' failed
make[1]: *** [cmTC_6df09] Error 1
make[1]: Leaving directory '/home/pi/Veleon_Project/catkin_ws/build/CMakeFiles/CMakeTmp'
Makefile:126: recipe for target 'cmTC_6df09/fast' failed
make: *** [cmTC_6df09/fast] Error 2

File /home/pi/Veleon_Project/catkin_ws/build/CMakeFiles/CMakeTmp/CheckSymbolExists.c:
/* */
#include <pthread.h>

int main(int argc, char** argv)
{
  (void)argv;
#ifndef pthread_create
  return ((int*)(&pthread_create))[argc];
#else
  (void)argc;
  return 0;
#endif
}

Determining if the function pthread_create exists in the pthreads failed with the following output:
Change Dir: /home/pi/Veleon_Project/catkin_ws/build/CMakeFiles/CMakeTmp

Run Build Command:"/usr/bin/make" "cmTC_bc43e/fast"
/usr/bin/make -f CMakeFiles/cmTC_bc43e.dir/build.make CMakeFiles/cmTC_bc43e.dir/build
make[1]: Entering directory '/home/pi/Veleon_Project/catkin_ws/build/CMakeFiles/CMakeTmp'
Building C object CMakeFiles/cmTC_bc43e.dir/CheckFunctionExists.c.o
/usr/bin/cc    -DCHECK_FUNCTION_EXISTS=pthread_create   -o CMakeFiles/cmTC_bc43e.dir/CheckFunctionExists.c.o   -c /usr/share/cmake-3.7/Modules/CheckFunctionExists.c
Linking C executable cmTC_bc43e
/usr/bin/cmake -E cmake_link_script CMakeFiles/cmTC_bc43e.dir/link.txt --verbose=1
/usr/bin/cc   -DCHECK_FUNCTION_EXISTS=pthread_create    CMakeFiles/cmTC_bc43e.dir/CheckFunctionExists.c.o  -o cmTC_bc43e -rdynamic -lpthreads 
/usr/bin/ld: cannot find -lpthreads
collect2: error: ld returned 1 exit status
CMakeFiles/cmTC_bc43e.dir/build.make:97: recipe for target 'cmTC_bc43e' failed
make[1]: *** [cmTC_bc43e] Error 1
make[1]: Leaving directory '/home/pi/Veleon_Project/catkin_ws/build/CMakeFiles/CMakeTmp'
Makefile:126: recipe for target 'cmTC_bc43e/fast' failed
make: *** [cmTC_bc43e/fast] Error 2


